<?xml version="1.0" encoding="UTF-8"?>
<!-- Generated by org.testng.reporters.JUnitXMLReporter -->
<testsuite ignored="1" hostname="mp-Latitude-7430" failures="0" tests="1" name="Default test" time="0.459" errors="0" timestamp="2025-04-06T00:22:43 SELČ">
  <testcase classname="com.github.mirospanacek.ares.test.AresCilentTest" name="searchTest" time="0.44"/>
  <testcase classname="com.github.mirospanacek.ares.test.AresCilentTest" name="buildRequestTest" time="0.0">
    <ignored/>
  </testcase> <!-- buildRequestTest -->
</testsuite> <!-- Default test -->
