<?xml version="1.0" encoding="UTF-8"?>
<testng-results ignored="1" total="2" passed="1" failed="0" skipped="0">
  <reporter-output>
  </reporter-output>
  <suite started-at="2025-04-06T00:22:42 SELČ" name="Default suite" finished-at="2025-04-06T00:22:43 SELČ" duration-ms="459">
    <groups>
    </groups>
    <test started-at="2025-04-06T00:22:42 SELČ" name="Default test" finished-at="2025-04-06T00:22:43 SELČ" duration-ms="459">
      <class name="com.github.mirospanacek.ares.test.AresCilentTest">
        <test-method signature="searchTest()[pri:0, instance:com.github.mirospanacek.ares.test.AresCilentTest@7fd7a283]" started-at="2025-04-06T00:22:42 SELČ" name="searchTest" finished-at="2025-04-06T00:22:43 SELČ" duration-ms="440" status="PASS">
          <reporter-output>
          </reporter-output>
        </test-method> <!-- searchTest -->
      </class> <!-- com.github.mirospanacek.ares.test.AresCilentTest -->
    </test> <!-- Default test -->
  </suite> <!-- Default suite -->
</testng-results>
